<?xml version="1.0" encoding="UTF-8"?>
<!-- Generated by org.testng.reporters.JUnitXMLReporter -->
<testsuite ignored="2" hostname="DESKTOP-1I78L95" failures="0" tests="1" name="Default test" time="15.195" errors="0" timestamp="22 Jul 2022 09:21:28 GMT">
  <testcase classname="com.company.selenium_java.FBWebElement_InterfaceMethods" name="VerifyFB_UNandPWDfieldsAreAligned_intheSameRow" time="15.146"/>
  <testcase classname="com.company.selenium_java.FBWebElement_InterfaceMethods" name="VerifyFB_Usernamefield_lessthanMobileNumberField" time="0.0">
    <ignored/>
  </testcase> <!-- VerifyFB_Usernamefield_lessthanMobileNumberField -->
  <testcase classname="com.company.selenium_java.FBWebElement_InterfaceMethods" name="VerifyFB_UNandPassword_HeightandWidth" time="0.0">
    <ignored/>
  </testcase> <!-- VerifyFB_UNandPassword_HeightandWidth -->
</testsuite> <!-- Default test -->
