<?xml version="1.0" encoding="UTF-8"?>
<!-- Generated by org.testng.reporters.JUnitXMLReporter -->
<testsuite ignored="3" hostname="DESKTOP-1I78L95" failures="0" tests="1" name="Default test" time="20.047" errors="0" timestamp="22 Jul 2022 21:06:04 GMT">
  <testcase classname="com.company.selenium_java.JS_Executors" name="ScrollDownTo_SpecificElemnt" time="20.028"/>
  <testcase classname="com.company.selenium_java.JS_Executors" name="ForScroll_UpAndDown" time="0.0">
    <ignored/>
  </testcase> <!-- ForScroll_UpAndDown -->
  <testcase classname="com.company.selenium_java.JS_Executors" name="ScroolDownToBottomOfPage" time="0.0">
    <ignored/>
  </testcase> <!-- ScroolDownToBottomOfPage -->
  <testcase classname="com.company.selenium_java.JS_Executors" name="enterText_intoDisabledTextbox" time="0.0">
    <ignored/>
  </testcase> <!-- enterText_intoDisabledTextbox -->
</testsuite> <!-- Default test -->
