<?xml version="1.0" encoding="UTF-8"?>
<testng-results ignored="0" total="1" passed="1" failed="0" skipped="0">
  <reporter-output>
  </reporter-output>
  <suite started-at="2022-07-22T08:37:58Z" name="Default suite" finished-at="2022-07-22T08:38:28Z" duration-ms="30207">
    <groups>
    </groups>
    <test started-at="2022-07-22T08:37:58Z" name="Default test" finished-at="2022-07-22T08:38:28Z" duration-ms="30207">
      <class name="com.company.selenium_java.Facebook_Login">
        <test-method signature="login()[pri:0, instance:com.company.selenium_java.Facebook_Login@6e9175d8]" started-at="2022-07-22T08:37:58Z" name="login" finished-at="2022-07-22T08:38:28Z" duration-ms="30173" status="PASS">
          <reporter-output>
          </reporter-output>
        </test-method> <!-- login -->
      </class> <!-- com.company.selenium_java.Facebook_Login -->
    </test> <!-- Default test -->
  </suite> <!-- Default suite -->
</testng-results>
